<?xml version="1.0" encoding="UTF-8"?>
<!-- Generated by org.testng.reporters.JUnitReportReporter -->
<testsuite hostname="DESKTOP-U5C52UL" failures="0" tests="1" name="com.Test.LoginThreeTest" time="6.938" errors="0" timestamp="2023-03-20T13:19:02 IST" skipped="0">
  <testcase classname="com.Test.LoginThreeTest" name="login" time="6.938"/>
  <system-out/>
</testsuite> <!-- com.Test.LoginThreeTest -->
