<?xml version="1.0" encoding="UTF-8"?>
<!-- Generated by org.testng.reporters.JUnitReportReporter -->
<testsuite hostname="DESKTOP-U5C52UL" failures="0" tests="1" name="com.Test.LoginTest" time="21.399" errors="0" timestamp="2023-03-20T13:19:02 IST" skipped="0">
  <testcase classname="com.Test.LoginTest" name="login" time="21.399"/>
  <system-out/>
</testsuite> <!-- com.Test.LoginTest -->
