<?xml version="1.0" encoding="UTF-8"?>
<!-- Generated by org.testng.reporters.JUnitReportReporter -->
<testsuite hostname="DESKTOP-U5C52UL" failures="0" tests="2" name="com.Test.LoginOneTest" time="24.894" errors="0" timestamp="2023-03-20T13:19:02 IST" skipped="0">
  <testcase classname="com.Test.LoginOneTest" name="login" time="7.464"/>
  <system-out/>
  <testcase classname="com.Test.LoginOneTest" name="login" time="17.430"/>
  <system-out/>
</testsuite> <!-- com.Test.LoginOneTest -->
